<?xml version="1.0" encoding="UTF-8"?>
<testsuite xmlns:xsi="http://www.w3.org/2001/XMLSchema-instance" xsi:noNamespaceSchemaLocation="https://maven.apache.org/surefire/maven-surefire-plugin/xsd/surefire-test-report.xsd" name="TestSuite" time="29.642" tests="4" errors="0" skipped="0" failures="0">
  <properties>
[...]
</properties>
  <testcase name="getUsersData" classname="com.api.tests.GivenScenarioTest" time="7.159"/>
  <testcase name="searchForGivenUser" classname="com.api.tests.GivenScenarioTest" time="2.264"/>
  <testcase name="getAllPostsForGivenUser" classname="com.api.tests.GivenScenarioTest" time="0.565"/>
  <testcase name="getCommentsForGivenPostsAndVerifyEmailFormat" classname="com.api.tests.GivenScenarioTest" time="4.209"/>
</testsuite>