<?xml version="1.0" encoding="UTF-8"?>
<!-- Generated by org.testng.reporters.JUnitXMLReporter -->
<testsuite hostname="Rakesh" ignored="0" name="Api Tests" tests="4" failures="0" timestamp="2020-02-05T11:25:14 IST" time="17.799" errors="0">
  <testcase name="getUsersData" time="7.153" classname="com.api.tests.GivenScenarioTest"/>
  <testcase name="searchForGivenUser" time="2.264" classname="com.api.tests.GivenScenarioTest"/>
  <testcase name="getAllPostsForGivenUser" time="0.564" classname="com.api.tests.GivenScenarioTest"/>
  <testcase name="getCommentsForGivenPostsAndVerifyEmailFormat" time="4.207" classname="com.api.tests.GivenScenarioTest"/>
</testsuite> <!-- Api Tests -->
